This file contains any messages produced by compilers while
running configure, to aid debugging if configure makes a mistake.

It was created by libsecp256k1 configure 0.4.0, which was
generated by GNU Autoconf 2.69.  Invocation command line was

  $ ./configure --disable-option-checking --prefix=/usr/local --disable-shared --with-pic --with-bignum=no --enable-module-recovery --enable-module-multiset --disable-jni --disable-module-schnorrsig --disable-module-extrakeys --disable-module-ellswift --cache-file=/dev/null --srcdir=.

## --------- ##
## Platform. ##
## --------- ##

hostname = mis
uname -m = x86_64
uname -r = 6.1.0-18-amd64
uname -s = Linux
uname -v = #1 SMP PREEMPT_DYNAMIC Debian 6.1.76-1 (2024-02-01)

/usr/bin/uname -p = unknown
/bin/uname -X     = unknown

/bin/arch              = x86_64
/usr/bin/arch -k       = unknown
/usr/convex/getsysinfo = unknown
/usr/bin/hostinfo      = unknown
/bin/machine           = unknown
/usr/bin/oslevel       = unknown
/bin/universe          = unknown

PATH: /home/allanregistos/.sdkman/candidates/grails/current/bin
PATH: /home/allanregistos/.bun/bin
PATH: /home/allanregistos/.local/bin
PATH: /usr/local/bin
PATH: /usr/bin
PATH: /bin
PATH: /usr/local/games
PATH: /usr/games
PATH: /usr/brlcad/bin
PATH: /home/allanregistos/.dotnet/tools


## ----------- ##
## Core tests. ##
## ----------- ##

configure:2287: checking build system type
configure:2301: result: x86_64-pc-linux-gnu
configure:2321: checking host system type
configure:2334: result: x86_64-pc-linux-gnu
configure:2372: checking for a BSD-compatible install
configure:2440: result: /usr/bin/install -c
configure:2451: checking whether build environment is sane
configure:2506: result: yes
configure:2657: checking for a thread-safe mkdir -p
configure:2696: result: /usr/bin/mkdir -p
configure:2703: checking for gawk
configure:2719: found /usr/bin/gawk
configure:2730: result: gawk
configure:2741: checking whether make sets $(MAKE)
configure:2763: result: yes
configure:2792: checking whether make supports nested variables
configure:2809: result: yes
configure:2948: checking whether make supports nested variables
configure:2965: result: yes
configure:3030: checking for gcc
configure:3046: found /usr/bin/gcc
configure:3057: result: gcc
configure:3286: checking for C compiler version
configure:3295: gcc --version >&5
gcc (Debian 12.2.0-14) 12.2.0
Copyright (C) 2022 Free Software Foundation, Inc.
This is free software; see the source for copying conditions.  There is NO
warranty; not even for MERCHANTABILITY or FITNESS FOR A PARTICULAR PURPOSE.

configure:3306: $? = 0
configure:3295: gcc -v >&5
Using built-in specs.
COLLECT_GCC=gcc
COLLECT_LTO_WRAPPER=/usr/lib/gcc/x86_64-linux-gnu/12/lto-wrapper
OFFLOAD_TARGET_NAMES=nvptx-none:amdgcn-amdhsa
OFFLOAD_TARGET_DEFAULT=1
Target: x86_64-linux-gnu
Configured with: ../src/configure -v --with-pkgversion='Debian 12.2.0-14' --with-bugurl=file:///usr/share/doc/gcc-12/README.Bugs --enable-languages=c,ada,c++,go,d,fortran,objc,obj-c++,m2 --prefix=/usr --with-gcc-major-version-only --program-suffix=-12 --program-prefix=x86_64-linux-gnu- --enable-shared --enable-linker-build-id --libexecdir=/usr/lib --without-included-gettext --enable-threads=posix --libdir=/usr/lib --enable-nls --enable-clocale=gnu --enable-libstdcxx-debug --enable-libstdcxx-time=yes --with-default-libstdcxx-abi=new --enable-gnu-unique-object --disable-vtable-verify --enable-plugin --enable-default-pie --with-system-zlib --enable-libphobos-checking=release --with-target-system-zlib=auto --enable-objc-gc=auto --enable-multiarch --disable-werror --enable-cet --with-arch-32=i686 --with-abi=m64 --with-multilib-list=m32,m64,mx32 --enable-multilib --with-tune=generic --enable-offload-targets=nvptx-none=/build/gcc-12-bTRWOB/gcc-12-12.2.0/debian/tmp-nvptx/usr,amdgcn-amdhsa=/build/gcc-12-bTRWOB/gcc-12-12.2.0/debian/tmp-gcn/usr --enable-offload-defaulted --without-cuda-driver --enable-checking=release --build=x86_64-linux-gnu --host=x86_64-linux-gnu --target=x86_64-linux-gnu
Thread model: posix
Supported LTO compression algorithms: zlib zstd
gcc version 12.2.0 (Debian 12.2.0-14) 
... rest of stderr output deleted ...
configure:3306: $? = 0
configure:3295: gcc -V >&5
gcc: error: unrecognized command-line option '-V'
gcc: fatal error: no input files
compilation terminated.
configure:3306: $? = 1
configure:3295: gcc -qversion >&5
gcc: error: unrecognized command-line option '-qversion'; did you mean '--version'?
gcc: fatal error: no input files
compilation terminated.
configure:3306: $? = 1
configure:3326: checking whether the C compiler works
configure:3348: gcc    conftest.c  >&5
configure:3352: $? = 0
configure:3400: result: yes
configure:3403: checking for C compiler default output file name
configure:3405: result: a.out
configure:3411: checking for suffix of executables
configure:3418: gcc -o conftest    conftest.c  >&5
configure:3422: $? = 0
configure:3444: result: 
configure:3466: checking whether we are cross compiling
configure:3474: gcc -o conftest    conftest.c  >&5
configure:3478: $? = 0
configure:3485: ./conftest
configure:3489: $? = 0
configure:3504: result: no
configure:3509: checking for suffix of object files
configure:3531: gcc -c   conftest.c >&5
configure:3535: $? = 0
configure:3556: result: o
configure:3560: checking whether we are using the GNU C compiler
configure:3579: gcc -c   conftest.c >&5
configure:3579: $? = 0
configure:3588: result: yes
configure:3597: checking whether gcc accepts -g
configure:3617: gcc -c -g  conftest.c >&5
configure:3617: $? = 0
configure:3658: result: yes
configure:3675: checking for gcc option to accept ISO C89
configure:3738: gcc  -c -g -O2  conftest.c >&5
configure:3738: $? = 0
configure:3751: result: none needed
configure:3776: checking whether gcc understands -c and -o together
configure:3798: gcc -c conftest.c -o conftest2.o
configure:3801: $? = 0
configure:3798: gcc -c conftest.c -o conftest2.o
configure:3801: $? = 0
configure:3813: result: yes
configure:3833: checking whether make supports the include directive
configure:3848: make -f confmf.GNU && cat confinc.out
this is the am__doit target
configure:3851: $? = 0
configure:3870: result: yes (GNU style)
configure:3895: checking dependency style of gcc
configure:4006: result: gcc3
configure:4030: checking dependency style of gcc
configure:4139: result: gcc3
configure:4204: checking for ar
configure:4220: found /usr/bin/ar
configure:4231: result: ar
configure:4257: checking the archiver (ar) interface
configure:4273: gcc -c -g -O2  conftest.c >&5
configure:4273: $? = 0
configure:4275: ar cru libconftest.a conftest.o >&5
ar: `u' modifier ignored since `D' is the default (see `U')
configure:4278: $? = 0
configure:4306: result: ar
configure:4378: checking how to print strings
configure:4405: result: printf
configure:4426: checking for a sed that does not truncate output
configure:4490: result: /usr/bin/sed
configure:4508: checking for grep that handles long lines and -e
configure:4566: result: /usr/bin/grep
configure:4571: checking for egrep
configure:4633: result: /usr/bin/grep -E
configure:4638: checking for fgrep
configure:4700: result: /usr/bin/grep -F
configure:4735: checking for ld used by gcc
configure:4802: result: /usr/bin/ld
configure:4809: checking if the linker (/usr/bin/ld) is GNU ld
configure:4824: result: yes
configure:4836: checking for BSD- or MS-compatible name lister (nm)
configure:4890: result: /usr/bin/nm -B
configure:5020: checking the name lister (/usr/bin/nm -B) interface
configure:5027: gcc -c -g -O2  conftest.c >&5
configure:5030: /usr/bin/nm -B "conftest.o"
configure:5033: output
0000000000000000 B some_variable
configure:5040: result: BSD nm
configure:5043: checking whether ln -s works
configure:5047: result: yes
configure:5055: checking the maximum length of command line arguments
configure:5186: result: 1572864
configure:5234: checking how to convert x86_64-pc-linux-gnu file names to x86_64-pc-linux-gnu format
configure:5274: result: func_convert_file_noop
configure:5281: checking how to convert x86_64-pc-linux-gnu file names to toolchain format
configure:5301: result: func_convert_file_noop
configure:5308: checking for /usr/bin/ld option to reload object files
configure:5315: result: -r
configure:5389: checking for objdump
configure:5405: found /usr/bin/objdump
configure:5416: result: objdump
configure:5445: checking how to recognize dependent libraries
configure:5645: result: pass_all
configure:5730: checking for dlltool
configure:5760: result: no
configure:5787: checking how to associate runtime and link libraries
configure:5814: result: printf %s\n
configure:5938: checking for archiver @FILE support
configure:5955: gcc -c -g -O2  conftest.c >&5
configure:5955: $? = 0
configure:5958: ar cr libconftest.a @conftest.lst >&5
configure:5961: $? = 0
configure:5966: ar cr libconftest.a @conftest.lst >&5
ar: conftest.o: No such file or directory
configure:5969: $? = 1
configure:5981: result: @
configure:6039: checking for strip
configure:6055: found /usr/bin/strip
configure:6066: result: strip
configure:6138: checking for ranlib
configure:6154: found /usr/bin/ranlib
configure:6165: result: ranlib
configure:6267: checking command to parse /usr/bin/nm -B output from gcc object
configure:6420: gcc -c -g -O2  conftest.c >&5
configure:6423: $? = 0
configure:6427: /usr/bin/nm -B conftest.o | sed -n -e 's/^.*[	 ]\([ABCDGIRSTW][ABCDGIRSTW]*\)[	 ][	 ]*\([_A-Za-z][_A-Za-z0-9]*\)$/\1 \2 \2/p' | sed '/ __gnu_lto/d' > conftest.nm
configure:6493: gcc -o conftest -g -O2   conftest.c conftstm.o >&5
configure:6496: $? = 0
configure:6534: result: ok
configure:6581: checking for sysroot
configure:6611: result: no
configure:6618: checking for a working dd
configure:6656: result: /usr/bin/dd
configure:6660: checking how to truncate binary pipes
configure:6675: result: /usr/bin/dd bs=4096 count=1
configure:6811: gcc -c -g -O2  conftest.c >&5
configure:6814: $? = 0
configure:7004: checking for mt
configure:7020: found /usr/bin/mt
configure:7031: result: mt
configure:7054: checking if mt is a manifest tool
configure:7060: mt '-?'
configure:7068: result: no
configure:7745: checking how to run the C preprocessor
configure:7776: gcc -E  conftest.c
configure:7776: $? = 0
configure:7790: gcc -E  conftest.c
conftest.c:11:10: fatal error: ac_nonexistent.h: No such file or directory
   11 | #include <ac_nonexistent.h>
      |          ^~~~~~~~~~~~~~~~~~
compilation terminated.
configure:7790: $? = 1
configure: failed program was:
| /* confdefs.h */
| #define PACKAGE_NAME "libsecp256k1"
| #define PACKAGE_TARNAME "libsecp256k1"
| #define PACKAGE_VERSION "0.4.0"
| #define PACKAGE_STRING "libsecp256k1 0.4.0"
| #define PACKAGE_BUGREPORT "https://github.com/bitcoin-core/secp256k1/issues"
| #define PACKAGE_URL "https://github.com/bitcoin-core/secp256k1"
| #define PACKAGE "libsecp256k1"
| #define VERSION "0.4.0"
| /* end confdefs.h.  */
| #include <ac_nonexistent.h>
configure:7815: result: gcc -E
configure:7835: gcc -E  conftest.c
configure:7835: $? = 0
configure:7849: gcc -E  conftest.c
conftest.c:11:10: fatal error: ac_nonexistent.h: No such file or directory
   11 | #include <ac_nonexistent.h>
      |          ^~~~~~~~~~~~~~~~~~
compilation terminated.
configure:7849: $? = 1
configure: failed program was:
| /* confdefs.h */
| #define PACKAGE_NAME "libsecp256k1"
| #define PACKAGE_TARNAME "libsecp256k1"
| #define PACKAGE_VERSION "0.4.0"
| #define PACKAGE_STRING "libsecp256k1 0.4.0"
| #define PACKAGE_BUGREPORT "https://github.com/bitcoin-core/secp256k1/issues"
| #define PACKAGE_URL "https://github.com/bitcoin-core/secp256k1"
| #define PACKAGE "libsecp256k1"
| #define VERSION "0.4.0"
| /* end confdefs.h.  */
| #include <ac_nonexistent.h>
configure:7878: checking for ANSI C header files
configure:7898: gcc -c -g -O2  conftest.c >&5
configure:7898: $? = 0
configure:7971: gcc -o conftest -g -O2   conftest.c  >&5
configure:7971: $? = 0
configure:7971: ./conftest
configure:7971: $? = 0
configure:7982: result: yes
configure:7995: checking for sys/types.h
configure:7995: gcc -c -g -O2  conftest.c >&5
configure:7995: $? = 0
configure:7995: result: yes
configure:7995: checking for sys/stat.h
configure:7995: gcc -c -g -O2  conftest.c >&5
configure:7995: $? = 0
configure:7995: result: yes
configure:7995: checking for stdlib.h
configure:7995: gcc -c -g -O2  conftest.c >&5
configure:7995: $? = 0
configure:7995: result: yes
configure:7995: checking for string.h
configure:7995: gcc -c -g -O2  conftest.c >&5
configure:7995: $? = 0
configure:7995: result: yes
configure:7995: checking for memory.h
configure:7995: gcc -c -g -O2  conftest.c >&5
configure:7995: $? = 0
configure:7995: result: yes
configure:7995: checking for strings.h
configure:7995: gcc -c -g -O2  conftest.c >&5
configure:7995: $? = 0
configure:7995: result: yes
configure:7995: checking for inttypes.h
configure:7995: gcc -c -g -O2  conftest.c >&5
configure:7995: $? = 0
configure:7995: result: yes
configure:7995: checking for stdint.h
configure:7995: gcc -c -g -O2  conftest.c >&5
configure:7995: $? = 0
configure:7995: result: yes
configure:7995: checking for unistd.h
configure:7995: gcc -c -g -O2  conftest.c >&5
configure:7995: $? = 0
configure:7995: result: yes
configure:8009: checking for dlfcn.h
configure:8009: gcc -c -g -O2  conftest.c >&5
configure:8009: $? = 0
configure:8009: result: yes
configure:8563: checking for objdir
configure:8578: result: .libs
configure:8842: checking if gcc supports -fno-rtti -fno-exceptions
configure:8860: gcc -c -g -O2  -fno-rtti -fno-exceptions conftest.c >&5
cc1: warning: command-line option '-fno-rtti' is valid for C++/D/ObjC++ but not for C
configure:8864: $? = 0
configure:8877: result: no
configure:9241: checking for gcc option to produce PIC
configure:9248: result: -fPIC -DPIC
configure:9256: checking if gcc PIC flag -fPIC -DPIC works
configure:9274: gcc -c -g -O2  -fPIC -DPIC -DPIC conftest.c >&5
configure:9278: $? = 0
configure:9291: result: yes
configure:9320: checking if gcc static flag -static works
configure:9348: result: yes
configure:9363: checking if gcc supports -c -o file.o
configure:9384: gcc -c -g -O2  -o out/conftest2.o conftest.c >&5
configure:9388: $? = 0
configure:9410: result: yes
configure:9418: checking if gcc supports -c -o file.o
configure:9465: result: yes
configure:9498: checking whether the gcc linker (/usr/bin/ld -m elf_x86_64) supports shared libraries
configure:10761: result: yes
configure:11001: checking dynamic linker characteristics
configure:11582: gcc -o conftest -g -O2   -Wl,-rpath -Wl,/foo conftest.c  >&5
configure:11582: $? = 0
configure:11831: result: GNU/Linux ld.so
configure:11953: checking how to hardcode library paths into programs
configure:11978: result: immediate
configure:12526: checking whether stripping libraries is possible
configure:12531: result: yes
configure:12566: checking if libtool supports shared libraries
configure:12568: result: yes
configure:12571: checking whether to build shared libraries
configure:12596: result: no
configure:12599: checking whether to build static libraries
configure:12603: result: yes
configure:12770: checking if gcc supports -Werror
configure:12778: gcc -c -Werror -g -O2  conftest.c >&5
configure:12778: $? = 0
configure:12784: result: yes
configure:12795: checking if gcc supports -std=c89 -pedantic -Wno-long-long -Wnested-externs -Wshadow -Wstrict-prototypes -Wundef
configure:12803: gcc -c -std=c89 -pedantic -Wno-long-long -Wnested-externs -Wshadow -Wstrict-prototypes -Wundef -g -O2 -Werror  conftest.c >&5
configure:12803: $? = 0
configure:12809: result: yes
configure:12819: checking if gcc supports -Wno-overlength-strings
configure:12827: gcc -c -Wno-overlength-strings -g -O2 -Werror  conftest.c >&5
configure:12827: $? = 0
configure:12833: result: yes
configure:12843: checking if gcc supports -Wall
configure:12851: gcc -c -Wall -g -O2 -Werror  conftest.c >&5
configure:12851: $? = 0
configure:12857: result: yes
configure:12867: checking if gcc supports -Wno-unused-function
configure:12875: gcc -c -Wno-unused-function -g -O2 -Werror  conftest.c >&5
configure:12875: $? = 0
configure:12881: result: yes
configure:12891: checking if gcc supports -Wextra
configure:12899: gcc -c -Wextra -g -O2 -Werror  conftest.c >&5
configure:12899: $? = 0
configure:12905: result: yes
configure:12915: checking if gcc supports -Wcast-align
configure:12923: gcc -c -Wcast-align -g -O2 -Werror  conftest.c >&5
configure:12923: $? = 0
configure:12929: result: yes
configure:12939: checking if gcc supports -Wcast-align=strict
configure:12947: gcc -c -Wcast-align=strict -g -O2 -Werror  conftest.c >&5
configure:12947: $? = 0
configure:12953: result: yes
configure:12963: checking if gcc supports -Wconditional-uninitialized
configure:12971: gcc -c -Wconditional-uninitialized -g -O2 -Werror  conftest.c >&5
gcc: error: unrecognized command-line option '-Wconditional-uninitialized'; did you mean '-Wno-uninitialized'?
configure:12971: $? = 1
configure: failed program was:
| /* confdefs.h */
| #define PACKAGE_NAME "libsecp256k1"
| #define PACKAGE_TARNAME "libsecp256k1"
| #define PACKAGE_VERSION "0.4.0"
| #define PACKAGE_STRING "libsecp256k1 0.4.0"
| #define PACKAGE_BUGREPORT "https://github.com/bitcoin-core/secp256k1/issues"
| #define PACKAGE_URL "https://github.com/bitcoin-core/secp256k1"
| #define PACKAGE "libsecp256k1"
| #define VERSION "0.4.0"
| #define STDC_HEADERS 1
| #define HAVE_SYS_TYPES_H 1
| #define HAVE_SYS_STAT_H 1
| #define HAVE_STDLIB_H 1
| #define HAVE_STRING_H 1
| #define HAVE_MEMORY_H 1
| #define HAVE_STRINGS_H 1
| #define HAVE_INTTYPES_H 1
| #define HAVE_STDINT_H 1
| #define HAVE_UNISTD_H 1
| #define HAVE_DLFCN_H 1
| #define LT_OBJDIR ".libs/"
| /* end confdefs.h.  */
| char foo;
configure:12977: result: no
configure:12987: checking if gcc supports -Wreserved-identifier
configure:12995: gcc -c -Wreserved-identifier -g -O2 -Werror  conftest.c >&5
gcc: error: unrecognized command-line option '-Wreserved-identifier'; did you mean '-fextended-identifiers'?
configure:12995: $? = 1
configure: failed program was:
| /* confdefs.h */
| #define PACKAGE_NAME "libsecp256k1"
| #define PACKAGE_TARNAME "libsecp256k1"
| #define PACKAGE_VERSION "0.4.0"
| #define PACKAGE_STRING "libsecp256k1 0.4.0"
| #define PACKAGE_BUGREPORT "https://github.com/bitcoin-core/secp256k1/issues"
| #define PACKAGE_URL "https://github.com/bitcoin-core/secp256k1"
| #define PACKAGE "libsecp256k1"
| #define VERSION "0.4.0"
| #define STDC_HEADERS 1
| #define HAVE_SYS_TYPES_H 1
| #define HAVE_SYS_STAT_H 1
| #define HAVE_STDLIB_H 1
| #define HAVE_STRING_H 1
| #define HAVE_MEMORY_H 1
| #define HAVE_STRINGS_H 1
| #define HAVE_INTTYPES_H 1
| #define HAVE_STDINT_H 1
| #define HAVE_UNISTD_H 1
| #define HAVE_DLFCN_H 1
| #define LT_OBJDIR ".libs/"
| /* end confdefs.h.  */
| char foo;
configure:13001: result: no
configure:13011: checking if gcc supports -fvisibility=hidden
configure:13019: gcc -c -fvisibility=hidden -g -O2 -Werror  conftest.c >&5
configure:13019: $? = 0
configure:13025: result: yes
configure:13438: checking for valgrind support
configure:13460: gcc -c -g -O2   conftest.c >&5
conftest.c:24:14: fatal error: valgrind/memcheck.h: No such file or directory
   24 |     #include <valgrind/memcheck.h>
      |              ^~~~~~~~~~~~~~~~~~~~~
compilation terminated.
configure:13460: $? = 1
configure: failed program was:
| /* confdefs.h */
| #define PACKAGE_NAME "libsecp256k1"
| #define PACKAGE_TARNAME "libsecp256k1"
| #define PACKAGE_VERSION "0.4.0"
| #define PACKAGE_STRING "libsecp256k1 0.4.0"
| #define PACKAGE_BUGREPORT "https://github.com/bitcoin-core/secp256k1/issues"
| #define PACKAGE_URL "https://github.com/bitcoin-core/secp256k1"
| #define PACKAGE "libsecp256k1"
| #define VERSION "0.4.0"
| #define STDC_HEADERS 1
| #define HAVE_SYS_TYPES_H 1
| #define HAVE_SYS_STAT_H 1
| #define HAVE_STDLIB_H 1
| #define HAVE_STRING_H 1
| #define HAVE_MEMORY_H 1
| #define HAVE_STRINGS_H 1
| #define HAVE_INTTYPES_H 1
| #define HAVE_STDINT_H 1
| #define HAVE_UNISTD_H 1
| #define HAVE_DLFCN_H 1
| #define LT_OBJDIR ".libs/"
| /* end confdefs.h.  */
| 
|     #include <valgrind/memcheck.h>
| 
| int
| main ()
| {
| 
|     #if defined(NVALGRIND)
|     #  error "Valgrind does not support this platform."
|     #endif
| 
|   ;
|   return 0;
| }
configure:13466: result: 
configure:13502: checking for x86_64 assembly availability
configure:13519: gcc -o conftest -g -O2   conftest.c  >&5
configure:13519: $? = 0
configure:13526: result: yes
configure:13979: checking that generated files are newer than configure
configure:13985: result: done
configure:14068: creating ./config.status

## ---------------------- ##
## Running config.status. ##
## ---------------------- ##

This file was extended by libsecp256k1 config.status 0.4.0, which was
generated by GNU Autoconf 2.69.  Invocation command line was

  CONFIG_FILES    = 
  CONFIG_HEADERS  = 
  CONFIG_LINKS    = 
  CONFIG_COMMANDS = 
  $ ./config.status 

on mis

config.status:1129: creating Makefile
config.status:1129: creating libsecp256k1.pc
config.status:1129: creating secp256k1-config.h
config.status:1358: executing depfiles commands
config.status:1435: cd .       && sed -e '/# am--include-marker/d' Makefile         | make -f - am--depfiles
config.status:1440: $? = 0
config.status:1358: executing libtool commands

## ---------------- ##
## Cache variables. ##
## ---------------- ##

ac_cv_build=x86_64-pc-linux-gnu
ac_cv_c_compiler_gnu=yes
ac_cv_env_CCASFLAGS_set=
ac_cv_env_CCASFLAGS_value=
ac_cv_env_CCAS_set=
ac_cv_env_CCAS_value=
ac_cv_env_CC_set=
ac_cv_env_CC_value=
ac_cv_env_CFLAGS_set=
ac_cv_env_CFLAGS_value=
ac_cv_env_CPPFLAGS_set=
ac_cv_env_CPPFLAGS_value=
ac_cv_env_CPP_set=
ac_cv_env_CPP_value=
ac_cv_env_LDFLAGS_set=
ac_cv_env_LDFLAGS_value=
ac_cv_env_LIBS_set=
ac_cv_env_LIBS_value=
ac_cv_env_LT_SYS_LIBRARY_PATH_set=
ac_cv_env_LT_SYS_LIBRARY_PATH_value=
ac_cv_env_build_alias_set=
ac_cv_env_build_alias_value=
ac_cv_env_host_alias_set=
ac_cv_env_host_alias_value=
ac_cv_env_target_alias_set=
ac_cv_env_target_alias_value=
ac_cv_header_dlfcn_h=yes
ac_cv_header_inttypes_h=yes
ac_cv_header_memory_h=yes
ac_cv_header_stdc=yes
ac_cv_header_stdint_h=yes
ac_cv_header_stdlib_h=yes
ac_cv_header_string_h=yes
ac_cv_header_strings_h=yes
ac_cv_header_sys_stat_h=yes
ac_cv_header_sys_types_h=yes
ac_cv_header_unistd_h=yes
ac_cv_host=x86_64-pc-linux-gnu
ac_cv_objext=o
ac_cv_path_EGREP='/usr/bin/grep -E'
ac_cv_path_FGREP='/usr/bin/grep -F'
ac_cv_path_GREP=/usr/bin/grep
ac_cv_path_SED=/usr/bin/sed
ac_cv_path_install='/usr/bin/install -c'
ac_cv_path_lt_DD=/usr/bin/dd
ac_cv_path_mkdir=/usr/bin/mkdir
ac_cv_prog_AWK=gawk
ac_cv_prog_CPP='gcc -E'
ac_cv_prog_ac_ct_CC=gcc
ac_cv_prog_ac_ct_MANIFEST_TOOL=mt
ac_cv_prog_ac_ct_OBJDUMP=objdump
ac_cv_prog_ac_ct_RANLIB=ranlib
ac_cv_prog_ac_ct_STRIP=strip
ac_cv_prog_cc_c89=
ac_cv_prog_cc_g=yes
ac_cv_prog_make_make_set=yes
am_cv_CCAS_dependencies_compiler_type=gcc3
am_cv_CC_dependencies_compiler_type=gcc3
am_cv_ar_interface=ar
am_cv_make_support_nested_variables=yes
am_cv_prog_cc_c_o=yes
lt_cv_ar_at_file=@
lt_cv_deplibs_check_method=pass_all
lt_cv_file_magic_cmd='$MAGIC_CMD'
lt_cv_file_magic_test_file=
lt_cv_ld_reload_flag=-r
lt_cv_nm_interface='BSD nm'
lt_cv_objdir=.libs
lt_cv_path_LD=/usr/bin/ld
lt_cv_path_NM='/usr/bin/nm -B'
lt_cv_path_mainfest_tool=no
lt_cv_prog_compiler_c_o=yes
lt_cv_prog_compiler_pic='-fPIC -DPIC'
lt_cv_prog_compiler_pic_works=yes
lt_cv_prog_compiler_rtti_exceptions=no
lt_cv_prog_compiler_static_works=yes
lt_cv_prog_gnu_ld=yes
lt_cv_sharedlib_from_linklib_cmd='printf %s\n'
lt_cv_shlibpath_overrides_runpath=yes
lt_cv_sys_global_symbol_pipe='sed -n -e '\''s/^.*[	 ]\([ABCDGIRSTW][ABCDGIRSTW]*\)[	 ][	 ]*\([_A-Za-z][_A-Za-z0-9]*\)$/\1 \2 \2/p'\'' | sed '\''/ __gnu_lto/d'\'''
lt_cv_sys_global_symbol_to_c_name_address='sed -n -e '\''s/^: \(.*\) .*$/  {"\1", (void *) 0},/p'\'' -e '\''s/^[ABCDGIRSTW][ABCDGIRSTW]* .* \(.*\)$/  {"\1", (void *) \&\1},/p'\'''
lt_cv_sys_global_symbol_to_c_name_address_lib_prefix='sed -n -e '\''s/^: \(.*\) .*$/  {"\1", (void *) 0},/p'\'' -e '\''s/^[ABCDGIRSTW][ABCDGIRSTW]* .* \(lib.*\)$/  {"\1", (void *) \&\1},/p'\'' -e '\''s/^[ABCDGIRSTW][ABCDGIRSTW]* .* \(.*\)$/  {"lib\1", (void *) \&\1},/p'\'''
lt_cv_sys_global_symbol_to_cdecl='sed -n -e '\''s/^T .* \(.*\)$/extern int \1();/p'\'' -e '\''s/^[ABCDGIRSTW][ABCDGIRSTW]* .* \(.*\)$/extern char \1;/p'\'''
lt_cv_sys_global_symbol_to_import=
lt_cv_sys_max_cmd_len=1572864
lt_cv_to_host_file_cmd=func_convert_file_noop
lt_cv_to_tool_file_cmd=func_convert_file_noop
lt_cv_truncate_bin='/usr/bin/dd bs=4096 count=1'

## ----------------- ##
## Output variables. ##
## ----------------- ##

ACLOCAL='${SHELL} /home/allanregistos/apps/bsv/bitcoin-sv-1.1.0/src/secp256k1/build-aux/missing aclocal-1.16'
AMDEPBACKSLASH='\'
AMDEP_FALSE='#'
AMDEP_TRUE=''
AMTAR='$${TAR-tar}'
AM_BACKSLASH='\'
AM_DEFAULT_V='$(AM_DEFAULT_VERBOSITY)'
AM_DEFAULT_VERBOSITY='0'
AM_V='$(V)'
AR='ar'
AS='as'
AUTOCONF='${SHELL} /home/allanregistos/apps/bsv/bitcoin-sv-1.1.0/src/secp256k1/build-aux/missing autoconf'
AUTOHEADER='${SHELL} /home/allanregistos/apps/bsv/bitcoin-sv-1.1.0/src/secp256k1/build-aux/missing autoheader'
AUTOMAKE='${SHELL} /home/allanregistos/apps/bsv/bitcoin-sv-1.1.0/src/secp256k1/build-aux/missing automake-1.16'
AWK='gawk'
BREW=''
BUILD_WINDOWS_FALSE=''
BUILD_WINDOWS_TRUE='#'
CC='gcc'
CCAS='gcc'
CCASDEPMODE='depmode=gcc3'
CCASFLAGS='-g -O2'
CCDEPMODE='depmode=gcc3'
CFLAGS='-g -O2'
CPP='gcc -E'
CPPFLAGS=''
CYGPATH_W='echo'
DEFS='-DHAVE_CONFIG_H'
DEPDIR='.deps'
DLLTOOL='false'
DSYMUTIL=''
DUMPBIN=''
ECHO_C=''
ECHO_N='-n'
ECHO_T=''
EGREP='/usr/bin/grep -E'
ENABLE_COVERAGE_FALSE=''
ENABLE_COVERAGE_TRUE='#'
ENABLE_MODULE_ECDH_FALSE='#'
ENABLE_MODULE_ECDH_TRUE=''
ENABLE_MODULE_ELLSWIFT_FALSE=''
ENABLE_MODULE_ELLSWIFT_TRUE='#'
ENABLE_MODULE_EXTRAKEYS_FALSE=''
ENABLE_MODULE_EXTRAKEYS_TRUE='#'
ENABLE_MODULE_RECOVERY_FALSE='#'
ENABLE_MODULE_RECOVERY_TRUE=''
ENABLE_MODULE_SCHNORRSIG_FALSE=''
ENABLE_MODULE_SCHNORRSIG_TRUE='#'
EXEEXT=''
FGREP='/usr/bin/grep -F'
GREP='/usr/bin/grep'
INSTALL_DATA='${INSTALL} -m 644'
INSTALL_PROGRAM='${INSTALL}'
INSTALL_SCRIPT='${INSTALL}'
INSTALL_STRIP_PROGRAM='$(install_sh) -c -s'
LD='/usr/bin/ld -m elf_x86_64'
LDFLAGS=''
LIBOBJS=''
LIBS=''
LIBTOOL='$(SHELL) $(top_builddir)/libtool'
LIB_VERSION_AGE='1'
LIB_VERSION_CURRENT='3'
LIB_VERSION_REVISION='0'
LIPO=''
LN_S='ln -s'
LTLIBOBJS=''
LT_SYS_LIBRARY_PATH=''
MAKEINFO='${SHELL} /home/allanregistos/apps/bsv/bitcoin-sv-1.1.0/src/secp256k1/build-aux/missing makeinfo'
MANIFEST_TOOL=':'
MKDIR_P='/usr/bin/mkdir -p'
NM='/usr/bin/nm -B'
NMEDIT=''
OBJDUMP='objdump'
OBJEXT='o'
OTOOL64=''
OTOOL=''
PACKAGE='libsecp256k1'
PACKAGE_BUGREPORT='https://github.com/bitcoin-core/secp256k1/issues'
PACKAGE_NAME='libsecp256k1'
PACKAGE_STRING='libsecp256k1 0.4.0'
PACKAGE_TARNAME='libsecp256k1'
PACKAGE_URL='https://github.com/bitcoin-core/secp256k1'
PACKAGE_VERSION='0.4.0'
PATH_SEPARATOR=':'
PORT=''
RANLIB='ranlib'
SECP_CFLAGS='-O2  -std=c89 -pedantic -Wno-long-long -Wnested-externs -Wshadow -Wstrict-prototypes -Wundef -Wno-overlength-strings -Wall -Wno-unused-function -Wextra -Wcast-align -Wcast-align=strict -fvisibility=hidden '
SECP_CONFIG_DEFINES=' -DUSE_ASM_X86_64=1 -DECMULT_WINDOW_SIZE=15 -DECMULT_GEN_PREC_BITS=4 -DENABLE_MODULE_ECDH=1 -DENABLE_MODULE_RECOVERY=1'
SED='/usr/bin/sed'
SET_MAKE=''
SHELL='/bin/bash'
STRIP='strip'
USE_ASM_ARM_FALSE=''
USE_ASM_ARM_TRUE='#'
USE_BENCHMARK_FALSE='#'
USE_BENCHMARK_TRUE=''
USE_CTIME_TESTS_FALSE=''
USE_CTIME_TESTS_TRUE='#'
USE_EXAMPLES_FALSE=''
USE_EXAMPLES_TRUE='#'
USE_EXHAUSTIVE_TESTS_FALSE='#'
USE_EXHAUSTIVE_TESTS_TRUE=''
USE_EXTERNAL_ASM_FALSE=''
USE_EXTERNAL_ASM_TRUE='#'
USE_TESTS_FALSE='#'
USE_TESTS_TRUE=''
VERSION='0.4.0'
ac_ct_AR='ar'
ac_ct_CC='gcc'
ac_ct_DUMPBIN=''
am__EXEEXT_FALSE=''
am__EXEEXT_TRUE='#'
am__fastdepCCAS_FALSE='#'
am__fastdepCCAS_TRUE=''
am__fastdepCC_FALSE='#'
am__fastdepCC_TRUE=''
am__include='include'
am__isrc=''
am__leading_dot='.'
am__nodep='_no'
am__quote=''
am__tar='$${TAR-tar} chof - "$$tardir"'
am__untar='$${TAR-tar} xf -'
bindir='${exec_prefix}/bin'
build='x86_64-pc-linux-gnu'
build_alias=''
build_cpu='x86_64'
build_os='linux-gnu'
build_vendor='pc'
datadir='${datarootdir}'
datarootdir='${prefix}/share'
docdir='${datarootdir}/doc/${PACKAGE_TARNAME}'
dvidir='${docdir}'
exec_prefix='${prefix}'
host='x86_64-pc-linux-gnu'
host_alias=''
host_cpu='x86_64'
host_os='linux-gnu'
host_vendor='pc'
htmldir='${docdir}'
includedir='${prefix}/include'
infodir='${datarootdir}/info'
install_sh='${SHELL} /home/allanregistos/apps/bsv/bitcoin-sv-1.1.0/src/secp256k1/build-aux/install-sh'
libdir='${exec_prefix}/lib'
libexecdir='${exec_prefix}/libexec'
localedir='${datarootdir}/locale'
localstatedir='${prefix}/var'
mandir='${datarootdir}/man'
mkdir_p='$(MKDIR_P)'
oldincludedir='/usr/include'
pdfdir='${docdir}'
prefix='/usr/local'
program_transform_name='s,x,x,'
psdir='${docdir}'
runstatedir='${localstatedir}/run'
sbindir='${exec_prefix}/sbin'
sharedstatedir='${prefix}/com'
sysconfdir='${prefix}/etc'
target_alias=''

## ----------- ##
## confdefs.h. ##
## ----------- ##

/* confdefs.h */
#define PACKAGE_NAME "libsecp256k1"
#define PACKAGE_TARNAME "libsecp256k1"
#define PACKAGE_VERSION "0.4.0"
#define PACKAGE_STRING "libsecp256k1 0.4.0"
#define PACKAGE_BUGREPORT "https://github.com/bitcoin-core/secp256k1/issues"
#define PACKAGE_URL "https://github.com/bitcoin-core/secp256k1"
#define PACKAGE "libsecp256k1"
#define VERSION "0.4.0"
#define STDC_HEADERS 1
#define HAVE_SYS_TYPES_H 1
#define HAVE_SYS_STAT_H 1
#define HAVE_STDLIB_H 1
#define HAVE_STRING_H 1
#define HAVE_MEMORY_H 1
#define HAVE_STRINGS_H 1
#define HAVE_INTTYPES_H 1
#define HAVE_STDINT_H 1
#define HAVE_UNISTD_H 1
#define HAVE_DLFCN_H 1
#define LT_OBJDIR ".libs/"

configure: exit 0
